[debug] [2026-02-22T01:24:17.309Z] ----------------------------------------------------------------------
[debug] [2026-02-22T01:24:17.314Z] Command:       C:\Program Files\nodejs\node.exe C:\Users\user1\AppData\Roaming\npm\node_modules\firebase-tools\lib\bin\firebase.js deploy --only functions
[debug] [2026-02-22T01:24:17.315Z] CLI Version:   14.9.0
[debug] [2026-02-22T01:24:17.315Z] Platform:      win32
[debug] [2026-02-22T01:24:17.315Z] Node Version:  v22.13.0
[debug] [2026-02-22T01:24:17.316Z] Time:          Sun Feb 22 2026 03:24:17 GMT+0200 (שעון ישראל (חורף))
[debug] [2026-02-22T01:24:17.316Z] ----------------------------------------------------------------------
[debug] 
[debug] [2026-02-22T01:24:17.711Z] > command requires scopes: ["email","openid","https://www.googleapis.com/auth/cloudplatformprojects.readonly","https://www.googleapis.com/auth/firebase","https://www.googleapis.com/auth/cloud-platform"]
[debug] [2026-02-22T01:24:17.712Z] > authorizing via signed-in user (ayelethury@gmail.com)
[debug] [2026-02-22T01:24:17.712Z] [iam] checking project bereshit-ac5d8 for permissions ["cloudfunctions.functions.create","cloudfunctions.functions.delete","cloudfunctions.functions.get","cloudfunctions.functions.list","cloudfunctions.functions.update","cloudfunctions.operations.get","firebase.projects.get"]
[debug] [2026-02-22T01:24:17.714Z] Checked if tokens are valid: true, expires at: 1771726659442
[debug] [2026-02-22T01:24:17.714Z] Checked if tokens are valid: true, expires at: 1771726659442
[debug] [2026-02-22T01:24:17.716Z] >>> [apiv2][query] POST https://cloudresourcemanager.googleapis.com/v1/projects/bereshit-ac5d8:testIamPermissions [none]
[debug] [2026-02-22T01:24:17.716Z] >>> [apiv2][(partial)header] POST https://cloudresourcemanager.googleapis.com/v1/projects/bereshit-ac5d8:testIamPermissions x-goog-quota-user=projects/bereshit-ac5d8
[debug] [2026-02-22T01:24:17.716Z] >>> [apiv2][body] POST https://cloudresourcemanager.googleapis.com/v1/projects/bereshit-ac5d8:testIamPermissions {"permissions":["cloudfunctions.functions.create","cloudfunctions.functions.delete","cloudfunctions.functions.get","cloudfunctions.functions.list","cloudfunctions.functions.update","cloudfunctions.operations.get","firebase.projects.get"]}
[debug] [2026-02-22T01:24:18.969Z] <<< [apiv2][status] POST https://cloudresourcemanager.googleapis.com/v1/projects/bereshit-ac5d8:testIamPermissions 200
[debug] [2026-02-22T01:24:18.970Z] <<< [apiv2][body] POST https://cloudresourcemanager.googleapis.com/v1/projects/bereshit-ac5d8:testIamPermissions {"permissions":["cloudfunctions.functions.create","cloudfunctions.functions.delete","cloudfunctions.functions.get","cloudfunctions.functions.list","cloudfunctions.functions.update","cloudfunctions.operations.get","firebase.projects.get"]}
[debug] [2026-02-22T01:24:18.970Z] Checked if tokens are valid: true, expires at: 1771726659442
[debug] [2026-02-22T01:24:18.970Z] Checked if tokens are valid: true, expires at: 1771726659442
[debug] [2026-02-22T01:24:18.970Z] >>> [apiv2][query] POST https://iam.googleapis.com/v1/projects/bereshit-ac5d8/serviceAccounts/bereshit-ac5d8@appspot.gserviceaccount.com:testIamPermissions [none]
[debug] [2026-02-22T01:24:18.970Z] >>> [apiv2][body] POST https://iam.googleapis.com/v1/projects/bereshit-ac5d8/serviceAccounts/bereshit-ac5d8@appspot.gserviceaccount.com:testIamPermissions {"permissions":["iam.serviceAccounts.actAs"]}
[debug] [2026-02-22T01:24:20.127Z] <<< [apiv2][status] POST https://iam.googleapis.com/v1/projects/bereshit-ac5d8/serviceAccounts/bereshit-ac5d8@appspot.gserviceaccount.com:testIamPermissions 200
[debug] [2026-02-22T01:24:20.128Z] <<< [apiv2][body] POST https://iam.googleapis.com/v1/projects/bereshit-ac5d8/serviceAccounts/bereshit-ac5d8@appspot.gserviceaccount.com:testIamPermissions {"permissions":["iam.serviceAccounts.actAs"]}
[info] 
[info] === Deploying to 'bereshit-ac5d8'...
[info] 
[info] i  deploying functions 
[info] Running command: npm --prefix "$RESOURCE_DIR" run build
[info] +  functions: Finished running predeploy script. 
[debug] [2026-02-22T01:24:53.108Z] Checked if tokens are valid: true, expires at: 1771726659442
[debug] [2026-02-22T01:24:53.108Z] Checked if tokens are valid: true, expires at: 1771726659442
[debug] [2026-02-22T01:24:53.109Z] >>> [apiv2][query] GET https://cloudresourcemanager.googleapis.com/v1/projects/bereshit-ac5d8 [none]
[debug] [2026-02-22T01:24:54.134Z] <<< [apiv2][status] GET https://cloudresourcemanager.googleapis.com/v1/projects/bereshit-ac5d8 200
[debug] [2026-02-22T01:24:54.134Z] <<< [apiv2][body] GET https://cloudresourcemanager.googleapis.com/v1/projects/bereshit-ac5d8 {"projectNumber":"313275026944","projectId":"bereshit-ac5d8","lifecycleState":"ACTIVE","name":"Bereshit","labels":{"firebase":"enabled","firebase-core":"disabled"},"createTime":"2025-07-03T11:40:07.651729Z"}
[info] i  functions: preparing codebase default for deployment 
[info] i  functions: ensuring required API cloudfunctions.googleapis.com is enabled... 
[info] i  functions: ensuring required API cloudbuild.googleapis.com is enabled... 
[info] i  artifactregistry: ensuring required API artifactregistry.googleapis.com is enabled... 
[debug] [2026-02-22T01:24:54.148Z] Checked if tokens are valid: true, expires at: 1771726659442
[debug] [2026-02-22T01:24:54.149Z] Checked if tokens are valid: true, expires at: 1771726659442
[debug] [2026-02-22T01:24:54.149Z] >>> [apiv2][query] GET https://firebase.googleapis.com/v1beta1/projects/bereshit-ac5d8/adminSdkConfig [none]
[debug] [2026-02-22T01:24:54.915Z] <<< [apiv2][status] GET https://firebase.googleapis.com/v1beta1/projects/bereshit-ac5d8/adminSdkConfig 200
[debug] [2026-02-22T01:24:54.915Z] <<< [apiv2][body] GET https://firebase.googleapis.com/v1beta1/projects/bereshit-ac5d8/adminSdkConfig {"projectId":"bereshit-ac5d8","storageBucket":"bereshit-ac5d8.firebasestorage.app"}
[debug] [2026-02-22T01:24:54.916Z] Checked if tokens are valid: true, expires at: 1771726659442
[debug] [2026-02-22T01:24:54.917Z] Checked if tokens are valid: true, expires at: 1771726659442
[debug] [2026-02-22T01:24:54.917Z] >>> [apiv2][query] GET https://runtimeconfig.googleapis.com/v1beta1/projects/bereshit-ac5d8/configs [none]
[debug] [2026-02-22T01:24:55.933Z] <<< [apiv2][status] GET https://runtimeconfig.googleapis.com/v1beta1/projects/bereshit-ac5d8/configs 200
[debug] [2026-02-22T01:24:55.934Z] <<< [apiv2][body] GET https://runtimeconfig.googleapis.com/v1beta1/projects/bereshit-ac5d8/configs {"configs":[{"name":"projects/bereshit-ac5d8/configs/supabase"}]}
[debug] [2026-02-22T01:24:55.934Z] Checked if tokens are valid: true, expires at: 1771726659442
[debug] [2026-02-22T01:24:55.934Z] Checked if tokens are valid: true, expires at: 1771726659442
[debug] [2026-02-22T01:24:55.935Z] >>> [apiv2][query] GET https://runtimeconfig.googleapis.com/v1beta1/projects/bereshit-ac5d8/configs/supabase/variables [none]
[debug] [2026-02-22T01:24:56.184Z] <<< [apiv2][status] GET https://runtimeconfig.googleapis.com/v1beta1/projects/bereshit-ac5d8/configs/supabase/variables 200
[debug] [2026-02-22T01:24:56.184Z] <<< [apiv2][body] GET https://runtimeconfig.googleapis.com/v1beta1/projects/bereshit-ac5d8/configs/supabase/variables {"variables":[{"name":"projects/bereshit-ac5d8/configs/supabase/variables/jwt_secret","updateTime":"2025-08-25T20:14:13.995930794Z"},{"name":"projects/bereshit-ac5d8/configs/supabase/variables/service_key","updateTime":"2025-08-25T20:14:14.841452100Z"},{"name":"projects/bereshit-ac5d8/configs/supabase/variables/url","updateTime":"2025-08-25T20:14:14.800086701Z"}]}
[debug] [2026-02-22T01:24:56.185Z] Checked if tokens are valid: true, expires at: 1771726659442
[debug] [2026-02-22T01:24:56.185Z] Checked if tokens are valid: true, expires at: 1771726659442
[debug] [2026-02-22T01:24:56.185Z] Checked if tokens are valid: true, expires at: 1771726659442
[debug] [2026-02-22T01:24:56.185Z] Checked if tokens are valid: true, expires at: 1771726659442
[debug] [2026-02-22T01:24:56.186Z] Checked if tokens are valid: true, expires at: 1771726659442
[debug] [2026-02-22T01:24:56.186Z] Checked if tokens are valid: true, expires at: 1771726659442
[debug] [2026-02-22T01:24:56.186Z] >>> [apiv2][query] GET https://runtimeconfig.googleapis.com/v1beta1/projects/bereshit-ac5d8/configs/supabase/variables/jwt_secret [none]
[debug] [2026-02-22T01:24:56.187Z] >>> [apiv2][query] GET https://runtimeconfig.googleapis.com/v1beta1/projects/bereshit-ac5d8/configs/supabase/variables/service_key [none]
[debug] [2026-02-22T01:24:56.190Z] >>> [apiv2][query] GET https://runtimeconfig.googleapis.com/v1beta1/projects/bereshit-ac5d8/configs/supabase/variables/url [none]
[debug] [2026-02-22T01:24:56.413Z] <<< [apiv2][status] GET https://runtimeconfig.googleapis.com/v1beta1/projects/bereshit-ac5d8/configs/supabase/variables/jwt_secret 200
[debug] [2026-02-22T01:24:56.414Z] <<< [apiv2][body] GET https://runtimeconfig.googleapis.com/v1beta1/projects/bereshit-ac5d8/configs/supabase/variables/jwt_secret {"name":"projects/bereshit-ac5d8/configs/supabase/variables/jwt_secret","updateTime":"2025-08-25T20:14:13.995930794Z","text":"W5WeT/L3ZP7YtnPxsJYqALx02Z+3pI9fHfqnflS1HJ5rFhdQsAZWAnNUPHktxR8Fic5m8R2ZjmbIEUH+Jm6OTA==\n"}
[debug] [2026-02-22T01:24:56.523Z] <<< [apiv2][status] GET https://runtimeconfig.googleapis.com/v1beta1/projects/bereshit-ac5d8/configs/supabase/variables/service_key 200
[debug] [2026-02-22T01:24:56.523Z] <<< [apiv2][body] GET https://runtimeconfig.googleapis.com/v1beta1/projects/bereshit-ac5d8/configs/supabase/variables/service_key {"name":"projects/bereshit-ac5d8/configs/supabase/variables/service_key","updateTime":"2025-08-25T20:14:14.841452100Z","text":"eyJhbGciOiJIUzI1NiIsInR5cCI6IkpXVCJ9.eyJpc3MiOiJzdXBhYmFzZSIsInJlZiI6ImF6dGdkaGN2dWN2cHZzbXVzZnB6Iiwicm9sZSI6ImFub24iLCJpYXQiOjE3NTIxMzI4NDIsImV4cCI6MjA2NzcwODg0Mn0.NRhi2ZJq4I0TSVI91Epf_aQT6UUYpcE7Mm1GMPSrC8s"}
[debug] [2026-02-22T01:24:56.524Z] <<< [apiv2][status] GET https://runtimeconfig.googleapis.com/v1beta1/projects/bereshit-ac5d8/configs/supabase/variables/url 200
[debug] [2026-02-22T01:24:56.524Z] <<< [apiv2][body] GET https://runtimeconfig.googleapis.com/v1beta1/projects/bereshit-ac5d8/configs/supabase/variables/url {"name":"projects/bereshit-ac5d8/configs/supabase/variables/url","updateTime":"2025-08-25T20:14:14.800086701Z","text":"https://aztgdhcvucvpvsmusfpz.supabase.co"}
[debug] [2026-02-22T01:24:56.530Z] Validating nodejs source
[warn] !  functions: Runtime Node.js 20 will be deprecated on 2026-04-30 and will be decommissioned on 2026-10-30, after which you will not be able to deploy without upgrading. Consider upgrading now to avoid disruption. See https://cloud.google.com/functions/docs/runtime-support for full details on the lifecycle policy 
[warn] !  functions: package.json indicates an outdated version of firebase-functions. Please upgrade using npm install --save firebase-functions@latest in your functions directory. 
[warn] !  functions: Please note that there will be breaking changes when you upgrade. 
[debug] [2026-02-22T01:25:00.094Z] > [functions] package.json contents: {
  "name": "functions",
  "private": true,
  "main": "lib/index.js",
  "engines": {
    "node": "20"
  },
  "scripts": {
    "lint": "eslint --ext .js,.ts .",
    "build": "tsc",
    "build:watch": "tsc --watch",
    "serve": "npm run build && firebase emulators:start --only functions,hosting",
    "shell": "npm run build && firebase functions:shell",
    "start": "npm run shell",
    "deploy": "npm run build && firebase deploy --only functions:loginBootstrap --project bereshit-ac5d8,hosting",
    "logs": "firebase functions:log"
  },
  "dependencies": {
    "@google-cloud/secret-manager": "^6.1.1",
    "@google-cloud/storage": "^7.10.0",
    "@supabase/supabase-js": "^2.58.0",
    "axios": "^1.13.5",
    "dotenv": "^17.2.3",
    "exceljs": "^4.4.0",
    "fast-xml-parser": "^5.3.5",
    "firebase-admin": "^13.5.0",
    "firebase-functions": "^6.4.0",
    "googleapis": "^170.1.0",
    "jsonwebtoken": "^9.0.2",
    "jspdf": "^3.0.3",
    "jspdf-autotable": "^5.0.2",
    "node-fetch": "^3.3.2",
    "nodemailer": "^6.10.1",
    "pdfkit": "^0.13.0",
    "stripe": "^16.12.0",
    "xlsx": "https://cdn.sheetjs.com/xlsx-0.20.3/xlsx-0.20.3.tgz"
  },
  "devDependencies": {
    "@types/express": "^5.0.3",
    "@types/jsonwebtoken": "^9.0.10",
    "@types/jspdf": "^1.3.3",
    "@types/node": "^20.19.17",
    "@types/node-fetch": "^2.6.13",
    "@types/nodemailer": "^7.0.4",
    "@types/pdfkit": "^0.17.4",
    "@typescript-eslint/eslint-plugin": "^5.12.0",
    "@typescript-eslint/parser": "^5.12.0",
    "eslint": "^8.9.0",
    "eslint-config-google": "^0.14.0",
    "eslint-plugin-import": "^2.25.4",
    "firebase-functions-test": "^3.1.0",
    "typescript": "^5.9.2"
  }
}
[debug] [2026-02-22T01:25:00.095Z] Building nodejs source
[info] i  functions: Loading and analyzing source code for codebase default to determine what to deploy 
[debug] [2026-02-22T01:25:00.101Z] Could not find functions.yaml. Must use http discovery
[debug] [2026-02-22T01:25:00.142Z] Found firebase-functions binary at 'C:\Users\user1\MoachSites\chavat-bereshit\functions\node_modules\.bin\firebase-functions'
[info] Serving at port 8244

